<?xml version="1.0" encoding="UTF-8"?>
<!-- Generated by org.testng.reporters.JUnitReportReporter -->
<testsuite hostname="DESKTOP-81GS8OE" failures="0" tests="1" name="tests.Test8" time="13.807" errors="0" timestamp="2022-07-29T20:01:23 CDT" skipped="0">
  <testcase classname="tests.Test8" name="totalPrice" time="13.807"/>
  <system-out/>
</testsuite> <!-- tests.Test8 -->
