<?xml version="1.0" encoding="UTF-8"?>
<!-- Generated by org.testng.reporters.JUnitReportReporter -->
<testsuite hostname="DESKTOP-81GS8OE" failures="0" tests="1" name="tests.Test3" time="10.738" errors="0" timestamp="2022-07-29T20:04:17 CDT" skipped="0">
  <testcase classname="tests.Test3" name="invalidFields" time="10.738"/>
  <system-out/>
</testsuite> <!-- tests.Test3 -->
